Base path: '/Applications/Unity/Hub/Editor/2019.2.8f1/Unity.app/Contents', plugins path '/Applications/Unity/Hub/Editor/2019.2.8f1/Unity.app/Contents/PlaybackEngines'
Cmd: initializeCompiler
Cmd: preprocessCompute
  insize=4660 outsize=4659 ok=1
Cmd: compileComputeKernel
  error: 1 plat 14 at RayTracingShader.compute(131): use of potentially uninitialized variable (Shade)
  api=14 insize=4659 outsize=5978 ok=1
Cmd: preprocessCompute
  insize=4680 outsize=4679 ok=1
Cmd: compileComputeKernel
  error: 1 plat 14 at RayTracingShader.compute(132): use of potentially uninitialized variable (Shade)
  api=14 insize=4679 outsize=6074 ok=1
Cmd: preprocessCompute
  insize=4660 outsize=4659 ok=1
Cmd: preprocessCompute
  insize=4674 outsize=4673 ok=1
Cmd: compileComputeKernel
  error: 1 plat 14 at RayTracingShader.compute(133): use of potentially uninitialized variable (Shade)
  api=14 insize=4673 outsize=5978 ok=1
Cmd: preprocessCompute
  insize=4996 outsize=4995 ok=1
Cmd: compileComputeKernel
  error: 1 plat 14 at RayTracingShader.compute(143): use of potentially uninitialized variable (Shade)
  api=14 insize=4995 outsize=5286 ok=1
Cmd: translateComputeKernel
  api=14 insize=5286 outsize=9165 ok=1
Cmd: preprocessCompute
  insize=4921 outsize=4920 ok=1
Cmd: translateComputeKernel
  error: 1 plat 21 at (0): Metal shading language does not support buffer size query from shader. Pass the size to shader as const instead.

  api=14 insize=5978 outsize=10800 ok=1
Cmd: preprocessCompute
  insize=4929 outsize=4928 ok=1
Cmd: preprocessCompute
  insize=4948 outsize=4947 ok=1
Cmd: compileComputeKernel
  error: 1 plat 14 at RayTracingShader.compute(119): signed/unsigned mismatch, unsigned assumed
  error: 1 plat 14 at RayTracingShader.compute(141): use of potentially uninitialized variable (Shade)
  api=14 insize=4947 outsize=5534 ok=1
Cmd: preprocessCompute
  insize=4920 outsize=4919 ok=1
Cmd: preprocessCompute
  insize=4954 outsize=4953 ok=1
Cmd: preprocessCompute
  insize=4957 outsize=4956 ok=1
Cmd: compileComputeKernel
  error: 1 plat 14 at RayTracingShader.compute(120): signed/unsigned mismatch, unsigned assumed
  error: 1 plat 14 at RayTracingShader.compute(142): use of potentially uninitialized variable (Shade)
  api=14 insize=4956 outsize=6143 ok=1
Cmd: preprocessCompute
  insize=5006 outsize=5005 ok=1
Cmd: compileComputeKernel
  error: 1 plat 14 at RayTracingShader.compute(121): signed/unsigned mismatch, unsigned assumed
  error: 1 plat 14 at RayTracingShader.compute(143): use of potentially uninitialized variable (Shade)
  api=14 insize=5005 outsize=7455 ok=1
Cmd: preprocessCompute
  insize=5005 outsize=5004 ok=1
Cmd: translateComputeKernel
  api=14 insize=7423 outsize=13655 ok=1
Cmd: preprocessCompute
  insize=5008 outsize=5007 ok=1
Cmd: compileComputeKernel
  error: 1 plat 14 at RayTracingShader.compute(143): use of potentially uninitialized variable (Shade)
  api=14 insize=5007 outsize=6111 ok=1
Cmd: preprocessCompute
  insize=4901 outsize=4900 ok=1
Cmd: compileComputeKernel
  error: 1 plat 14 at RayTracingShader.compute(141): use of potentially uninitialized variable (Shade)
  api=14 insize=4900 outsize=6111 ok=1
Cmd: preprocessCompute
  insize=4608 outsize=4607 ok=1
Cmd: compileComputeKernel
  error: 1 plat 14 at RayTracingShader.compute(133): use of potentially uninitialized variable (Shade)
  api=14 insize=4607 outsize=6111 ok=1
Cmd: translateComputeKernel
  api=14 insize=6111 outsize=10737 ok=1
Cmd: preprocessCompute
  insize=4619 outsize=4618 ok=1
Cmd: preprocessCompute
  insize=4593 outsize=4592 ok=1
Cmd: compileComputeKernel
  error: 2 plat 14 at RayTracingShader.compute(135): syntax error: unexpected token 'return'
  api=14 insize=4592 outsize=0 ok=0
Cmd: preprocessCompute
  insize=4544 outsize=4543 ok=1
Cmd: compileComputeKernel
  error: 2 plat 14 at RayTracingShader.compute(135): syntax error: unexpected token 'return'
  api=14 insize=4543 outsize=0 ok=0
Cmd: preprocessCompute
  insize=4535 outsize=4534 ok=1
Cmd: compileComputeKernel
  error: 2 plat 14 at RayTracingShader.compute(135): syntax error: unexpected token 'return'
  api=14 insize=4534 outsize=0 ok=0
Cmd: preprocessCompute
  insize=4536 outsize=4535 ok=1
Cmd: compileComputeKernel
  error: 1 plat 14 at RayTracingShader.compute(133): use of potentially uninitialized variable (Shade)
  api=14 insize=4535 outsize=6259 ok=1
